<?xml version="1.0" encoding="UTF-8"?>
<!-- Generated by org.testng.reporters.JUnitReportReporter -->
<testsuite hostname="RepublicOfGamers" failures="0" tests="4" name="api.test.UserTests" time="5.914" errors="0" timestamp="2023-05-26T01:06:24 IST" skipped="0">
  <testcase classname="api.test.UserTests" name="testPostUser" time="1.181"/>
  <system-out/>
  <testcase classname="api.test.UserTests" name="testGetUserByName" time="1.123"/>
  <system-out/>
  <testcase classname="api.test.UserTests" name="updateTestUserByName" time="2.196"/>
  <system-out/>
  <testcase classname="api.test.UserTests" name="deleteUserByName" time="1.414"/>
  <system-out/>
</testsuite> <!-- api.test.UserTests -->
