<?xml version="1.0" encoding="UTF-8"?>
<!-- Generated by org.testng.reporters.JUnitReportReporter -->
<testsuite hostname="RepublicOfGamers" failures="0" tests="6" name="api.test.DataDrivenTests" time="8.720" errors="0" timestamp="2023-05-26T01:06:24 IST" skipped="0">
  <testcase classname="api.test.DataDrivenTests" name="testDeleteUserByName" time="1.123"/>
  <system-out/>
  <testcase classname="api.test.DataDrivenTests" name="testPostUser" time="1.135"/>
  <system-out/>
  <testcase classname="api.test.DataDrivenTests" name="testDeleteUserByName" time="1.140"/>
  <system-out/>
  <testcase classname="api.test.DataDrivenTests" name="testPostUser" time="1.578"/>
  <system-out/>
  <testcase classname="api.test.DataDrivenTests" name="testPostUser" time="1.077"/>
  <system-out/>
  <testcase classname="api.test.DataDrivenTests" name="testDeleteUserByName" time="2.667"/>
  <system-out/>
</testsuite> <!-- api.test.DataDrivenTests -->
