<?xml version="1.0" encoding="UTF-8"?>
<!-- Generated by org.testng.reporters.JUnitReportReporter -->
<testsuite hostname="RepublicOfGamers" failures="0" tests="4" name="api.test.UserTestsWithPropertiesFile" time="5.750" errors="0" timestamp="2023-05-26T01:06:24 IST" skipped="0">
  <testcase classname="api.test.UserTestsWithPropertiesFile" name="testPostUser" time="1.181"/>
  <system-out/>
  <testcase classname="api.test.UserTestsWithPropertiesFile" name="testGetUserByName" time="1.064"/>
  <system-out/>
  <testcase classname="api.test.UserTestsWithPropertiesFile" name="updateTestUserByName" time="2.323"/>
  <system-out/>
  <testcase classname="api.test.UserTestsWithPropertiesFile" name="deleteUserByName" time="1.182"/>
  <system-out/>
</testsuite> <!-- api.test.UserTestsWithPropertiesFile -->
